

================================================================
== Vivado HLS Report for 'aesEncrypt'
================================================================
* Date:           Tue Jan 14 16:43:27 2025

* Version:        2018.1 (Build 2188600 on Wed Apr 04 19:04:02 MDT 2018)
* Project:        AES_HLS
* Solution:       aes
* Product family: zynq
* Target device:  xc7z020clg400-1


================================================================
== Performance Estimates
================================================================
+ Timing (ns): 
    * Summary: 
    +--------+-------+----------+------------+
    |  Clock | Target| Estimated| Uncertainty|
    +--------+-------+----------+------------+
    |ap_clk  |  10.00|      7.50|        1.25|
    +--------+-------+----------+------------+

+ Latency (clock cycles): 
    * Summary: 
    +------+------+------+------+---------+
    |   Latency   |   Interval  | Pipeline|
    |  min |  max |  min |  max |   Type  |
    +------+------+------+------+---------+
    |  2458|  2978|  2458|  2978|   none  |
    +------+------+------+------+---------+

    + Detail: 
        * Instance: 
        +----------------------------+-----------------+------+------+------+------+---------+
        |                            |                 |   Latency   |   Interval  | Pipeline|
        |          Instance          |      Module     |  min |  max |  min |  max |   Type  |
        +----------------------------+-----------------+------+------+------+------+---------+
        |grp_mixColumns_fu_263       |mixColumns       |    15|    15|    15|    15|   none  |
        |grp_keyExpansion5_fu_273    |keyExpansion5    |  1002|  1522|  1002|  1522|   none  |
        |grp_addRoundKey4_fu_285     |addRoundKey4     |    15|    15|    15|    15|   none  |
        |grp_substituteBytes_fu_292  |substituteBytes  |    15|    15|    15|    15|   none  |
        |grp_shiftRowLeft_fu_300     |shiftRowLeft     |    14|    14|    14|    14|   none  |
        |grp_shiftRowRight_fu_312    |shiftRowRight    |    14|    14|    14|    14|   none  |
        +----------------------------+-----------------+------+------+------+------+---------+

        * Loop: 
        +-----------------+------+------+----------+-----------+-----------+------+----------+
        |                 |   Latency   | Iteration|  Initiation Interval  | Trip |          |
        |    Loop Name    |  min |  max |  Latency |  achieved |   target  | Count| Pipelined|
        +-----------------+------+------+----------+-----------+-----------+------+----------+
        |- Loop 1         |    24|    24|         6|          -|          -|     4|    no    |
        | + Loop 1.1      |     4|     4|         1|          -|          -|     4|    no    |
        |- Loop 2         |    40|    40|        10|          -|          -|     4|    no    |
        | + Loop 2.1      |     8|     8|         2|          -|          -|     4|    no    |
        |- Loop 3         |  1251|  1251|       139|          -|          -|     9|    no    |
        | + Loop 3.1      |    40|    40|        10|          -|          -|     4|    no    |
        |  ++ Loop 3.1.1  |     8|     8|         2|          -|          -|     4|    no    |
        |- Loop 4         |    40|    40|        10|          -|          -|     4|    no    |
        | + Loop 4.1      |     8|     8|         2|          -|          -|     4|    no    |
        +-----------------+------+------+----------+-----------+-----------+------+----------+



================================================================
== Utilization Estimates
================================================================
* Summary: 
+-----------------+---------+-------+--------+-------+
|       Name      | BRAM_18K| DSP48E|   FF   |  LUT  |
+-----------------+---------+-------+--------+-------+
|DSP              |        -|      -|       -|      -|
|Expression       |        -|      -|       0|    355|
|FIFO             |        -|      -|       -|      -|
|Instance         |        6|      -|     883|   2835|
|Memory           |        1|      -|      16|      2|
|Multiplexer      |        -|      -|       -|    630|
|Register         |        -|      -|     174|      -|
+-----------------+---------+-------+--------+-------+
|Total            |        7|      0|    1073|   3822|
+-----------------+---------+-------+--------+-------+
|Available        |      280|    220|  106400|  53200|
+-----------------+---------+-------+--------+-------+
|Utilization (%)  |        2|      0|       1|      7|
+-----------------+---------+-------+--------+-------+

+ Detail: 
    * Instance: 
    +----------------------------+-----------------+---------+-------+-----+-----+
    |          Instance          |      Module     | BRAM_18K| DSP48E|  FF | LUT |
    +----------------------------+-----------------+---------+-------+-----+-----+
    |grp_addRoundKey4_fu_285     |addRoundKey4     |        0|      0|  128|  537|
    |grp_keyExpansion5_fu_273    |keyExpansion5    |        1|      0|  351|  727|
    |grp_mixColumns_fu_263       |mixColumns       |        4|      0|  192|  943|
    |grp_shiftRowLeft_fu_300     |shiftRowLeft     |        0|      0|   53|  148|
    |grp_shiftRowRight_fu_312    |shiftRowRight    |        0|      0|   47|  137|
    |grp_substituteBytes_fu_292  |substituteBytes  |        1|      0|  112|  343|
    +----------------------------+-----------------+---------+-------+-----+-----+
    |Total                       |                 |        6|      0|  883| 2835|
    +----------------------------+-----------------+---------+-------+-----+-----+

    * DSP48: 
    N/A

    * Memory: 
    +-------------------+----------------------+---------+----+----+------+-----+------+-------------+
    |       Memory      |        Module        | BRAM_18K| FF | LUT| Words| Bits| Banks| W*Bits*Banks|
    +-------------------+----------------------+---------+----+----+------+-----+------+-------------+
    |expandedKey_U      |aesEncrypt_expandhbi  |        1|   0|   0|   176|    8|     1|         1408|
    |roundKey_data_V_U  |aesEncrypt_roundKibs  |        0|  16|   2|    16|    8|     1|          128|
    +-------------------+----------------------+---------+----+----+------+-----+------+-------------+
    |Total              |                      |        1|  16|   2|   192|   16|     2|         1536|
    +-------------------+----------------------+---------+----+----+------+-----+------+-------------+

    * FIFO: 
    N/A

    * Expression: 
    +------------------------+----------+-------+---+----+------------+------------+
    |      Variable Name     | Operation| DSP48E| FF| LUT| Bitwidth P0| Bitwidth P1|
    +------------------------+----------+-------+---+----+------------+------------+
    |col_2_fu_569_p2         |     +    |      0|  0|  12|           3|           1|
    |col_3_fu_498_p2         |     +    |      0|  0|  12|           3|           1|
    |col_fu_404_p2           |     +    |      0|  0|  12|           3|           1|
    |i_fu_324_p2             |     +    |      0|  0|  12|           3|           1|
    |j_fu_348_p2             |     +    |      0|  0|  12|           3|           1|
    |next_mul3_fu_533_p2     |     +    |      0|  0|  15|           8|           6|
    |next_mul4_fu_452_p2     |     +    |      0|  0|  15|           8|           6|
    |next_mul_fu_368_p2      |     +    |      0|  0|  15|           8|           6|
    |round_1_fu_482_p2       |     +    |      0|  0|  13|           4|           1|
    |row_3_fu_380_p2         |     +    |      0|  0|  12|           3|           1|
    |row_4_fu_464_p2         |     +    |      0|  0|  12|           3|           1|
    |row_fu_545_p2           |     +    |      0|  0|  12|           3|           1|
    |tmp_13_fu_358_p2        |     +    |      0|  0|  15|           6|           6|
    |tmp_14_fu_418_p2        |     +    |      0|  0|  15|           8|           8|
    |tmp_15_fu_429_p2        |     +    |      0|  0|  15|           6|           6|
    |tmp_18_fu_504_p2        |     +    |      0|  0|  15|           6|           6|
    |tmp_20_fu_587_p2        |     +    |      0|  0|  15|           8|           8|
    |tmp_21_fu_602_p2        |     +    |      0|  0|  15|           6|           6|
    |tmp_22_fu_513_p2        |     +    |      0|  0|  15|           8|           8|
    |tmp_23_fu_524_p2        |     +    |      0|  0|  15|           6|           6|
    |exitcond11_i_fu_318_p2  |   icmp   |      0|  0|   9|           3|           4|
    |exitcond4_fu_539_p2     |   icmp   |      0|  0|   9|           3|           4|
    |exitcond5_fu_492_p2     |   icmp   |      0|  0|   9|           3|           4|
    |exitcond6_fu_458_p2     |   icmp   |      0|  0|   9|           3|           4|
    |exitcond7_fu_438_p2     |   icmp   |      0|  0|   9|           4|           4|
    |exitcond8_fu_398_p2     |   icmp   |      0|  0|   9|           3|           4|
    |exitcond9_fu_374_p2     |   icmp   |      0|  0|   9|           3|           4|
    |exitcond_fu_563_p2      |   icmp   |      0|  0|   9|           3|           4|
    |exitcond_i_fu_342_p2    |   icmp   |      0|  0|   9|           3|           4|
    +------------------------+----------+-------+---+----+------------+------------+
    |Total                   |          |      0|  0| 355|         134|         117|
    +------------------------+----------+-------+---+----+------------+------------+

    * Multiplexer: 
    +-------------------------------------+-----+-----------+-----+-----------+
    |                 Name                | LUT | Input Size| Bits| Total Bits|
    +-------------------------------------+-----+-----------+-----+-----------+
    |ap_NS_fsm                            |  153|         34|    1|         34|
    |col_assign_1_reg_252                 |    9|          2|    3|          6|
    |col_assign_2_reg_218                 |    9|          2|    3|          6|
    |col_assign_reg_172                   |    9|          2|    3|          6|
    |expandedKey_address0                 |   27|          5|    8|         40|
    |expandedKey_ce0                      |   15|          3|    1|          3|
    |expandedKey_we0                      |    9|          2|    1|          2|
    |grp_shiftRowLeft_fu_300_row          |   15|          3|    4|         12|
    |grp_shiftRowLeft_fu_300_shiftAmount  |   15|          3|    4|         12|
    |i_0_i_reg_127                        |    9|          2|    3|          6|
    |j_0_i_reg_138                        |    9|          2|    3|          6|
    |phi_mul3_reg_240                     |    9|          2|    8|         16|
    |phi_mul4_reg_206                     |    9|          2|    8|         16|
    |phi_mul_reg_160                      |    9|          2|    8|         16|
    |roundKey_data_V_address0             |   33|          6|    4|         24|
    |roundKey_data_V_ce0                  |   15|          3|    1|          3|
    |roundKey_data_V_ce1                  |    9|          2|    1|          2|
    |roundKey_data_V_d0                   |   15|          3|    8|         24|
    |round_reg_183                        |    9|          2|    4|          8|
    |row_assign_1_reg_229                 |    9|          2|    3|          6|
    |row_assign_2_reg_195                 |    9|          2|    3|          6|
    |row_assign_reg_149                   |    9|          2|    3|          6|
    |state_data_V_address0                |   33|          6|    4|         24|
    |state_data_V_address1                |   21|          4|    4|         16|
    |state_data_V_ce0                     |   33|          6|    1|          6|
    |state_data_V_ce1                     |   21|          4|    1|          4|
    |state_data_V_d0                      |   33|          6|    8|         48|
    |state_data_V_d1                      |   21|          4|    8|         32|
    |state_data_V_we0                     |   33|          6|    1|          6|
    |state_data_V_we1                     |   21|          4|    1|          4|
    +-------------------------------------+-----+-----------+-----+-----------+
    |Total                                |  630|        128|  113|        400|
    +-------------------------------------+-----+-----------+-----+-----------+

    * Register: 
    +-----------------------------------------+----+----+-----+-----------+
    |                   Name                  | FF | LUT| Bits| Const Bits|
    +-----------------------------------------+----+----+-----+-----------+
    |ap_CS_fsm                                |  33|   0|   33|          0|
    |col_2_reg_738                            |   3|   0|    3|          0|
    |col_3_reg_702                            |   3|   0|    3|          0|
    |col_assign_1_reg_252                     |   3|   0|    3|          0|
    |col_assign_2_reg_218                     |   3|   0|    3|          0|
    |col_assign_reg_172                       |   3|   0|    3|          0|
    |col_reg_653                              |   3|   0|    3|          0|
    |grp_addRoundKey4_fu_285_ap_start_reg     |   1|   0|    1|          0|
    |grp_keyExpansion5_fu_273_ap_start_reg    |   1|   0|    1|          0|
    |grp_mixColumns_fu_263_ap_start_reg       |   1|   0|    1|          0|
    |grp_shiftRowLeft_fu_300_ap_start_reg     |   1|   0|    1|          0|
    |grp_shiftRowRight_fu_312_ap_start_reg    |   1|   0|    1|          0|
    |grp_substituteBytes_fu_292_ap_start_reg  |   1|   0|    1|          0|
    |i_0_i_reg_127                            |   3|   0|    3|          0|
    |i_reg_614                                |   3|   0|    3|          0|
    |j_0_i_reg_138                            |   3|   0|    3|          0|
    |next_mul3_reg_717                        |   8|   0|    8|          0|
    |next_mul4_reg_676                        |   8|   0|    8|          0|
    |next_mul_reg_632                         |   8|   0|    8|          0|
    |phi_mul3_reg_240                         |   8|   0|    8|          0|
    |phi_mul4_reg_206                         |   8|   0|    8|          0|
    |phi_mul_reg_160                          |   8|   0|    8|          0|
    |round_1_reg_694                          |   4|   0|    4|          0|
    |round_reg_183                            |   4|   0|    4|          0|
    |row_3_reg_640                            |   3|   0|    3|          0|
    |row_4_reg_684                            |   3|   0|    3|          0|
    |row_assign_1_reg_229                     |   3|   0|    3|          0|
    |row_assign_2_reg_195                     |   3|   0|    3|          0|
    |row_assign_reg_149                       |   3|   0|    3|          0|
    |row_reg_725                              |   3|   0|    3|          0|
    |tmp_12_reg_671                           |   4|   0|    6|          2|
    |tmp_15_reg_663                           |   6|   0|    6|          0|
    |tmp_21_reg_748                           |   6|   0|    6|          0|
    |tmp_23_reg_712                           |   6|   0|    6|          0|
    |tmp_43_cast_reg_619                      |   3|   0|    6|          3|
    |tmp_46_cast_reg_645                      |   3|   0|    6|          3|
    |tmp_52_cast_reg_730                      |   3|   0|    6|          3|
    |tmp_55_cast_reg_689                      |   3|   0|    6|          3|
    +-----------------------------------------+----+----+-----+-----------+
    |Total                                    | 174|   0|  188|         14|
    +-----------------------------------------+----+----+-----+-----------+



================================================================
== Interface
================================================================
* Summary: 
+---------------------------+-----+-----+------------+------------------+--------------+
|         RTL Ports         | Dir | Bits|  Protocol  |   Source Object  |    C Type    |
+---------------------------+-----+-----+------------+------------------+--------------+
|ap_clk                     |  in |    1| ap_ctrl_hs |    aesEncrypt    | return value |
|ap_rst                     |  in |    1| ap_ctrl_hs |    aesEncrypt    | return value |
|ap_start                   |  in |    1| ap_ctrl_hs |    aesEncrypt    | return value |
|ap_done                    | out |    1| ap_ctrl_hs |    aesEncrypt    | return value |
|ap_idle                    | out |    1| ap_ctrl_hs |    aesEncrypt    | return value |
|ap_ready                   | out |    1| ap_ctrl_hs |    aesEncrypt    | return value |
|state_data_V_address0      | out |    4|  ap_memory |   state_data_V   |     array    |
|state_data_V_ce0           | out |    1|  ap_memory |   state_data_V   |     array    |
|state_data_V_we0           | out |    1|  ap_memory |   state_data_V   |     array    |
|state_data_V_d0            | out |    8|  ap_memory |   state_data_V   |     array    |
|state_data_V_q0            |  in |    8|  ap_memory |   state_data_V   |     array    |
|state_data_V_address1      | out |    4|  ap_memory |   state_data_V   |     array    |
|state_data_V_ce1           | out |    1|  ap_memory |   state_data_V   |     array    |
|state_data_V_we1           | out |    1|  ap_memory |   state_data_V   |     array    |
|state_data_V_d1            | out |    8|  ap_memory |   state_data_V   |     array    |
|state_data_V_q1            |  in |    8|  ap_memory |   state_data_V   |     array    |
|masterKey_data_V_address0  | out |    4|  ap_memory | masterKey_data_V |     array    |
|masterKey_data_V_ce0       | out |    1|  ap_memory | masterKey_data_V |     array    |
|masterKey_data_V_q0        |  in |    8|  ap_memory | masterKey_data_V |     array    |
+---------------------------+-----+-----+------------+------------------+--------------+

